timestamp: 2024-04-28T08:06:25.456042
CREATE TABLE "py4web_session"(
    "id" INTEGER PRIMARY KEY AUTOINCREMENT,
    "rkey" CHAR(512),
    "rvalue" TEXT,
    "expiration" INTEGER,
    "created_on" TIMESTAMP,
    "expires_on" TIMESTAMP
);
success!
timestamp: 2024-04-28T08:06:25.465361
CREATE TABLE "auth_user"(
    "id" INTEGER PRIMARY KEY AUTOINCREMENT,
    "email" CHAR(512) UNIQUE,
    "password" CHAR(512),
    "first_name" CHAR(512),
    "last_name" CHAR(512),
    "sso_id" CHAR(512),
    "action_token" CHAR(512),
    "last_password_change" TIMESTAMP,
    "past_passwords_hash" TEXT
);
success!
timestamp: 2024-04-28T08:06:25.469573
CREATE TABLE "auth_user_tag_groups"(
    "id" INTEGER PRIMARY KEY AUTOINCREMENT,
    "tagpath" CHAR(512),
    "record_id" INTEGER REFERENCES "auth_user" ("id") ON DELETE CASCADE ON UPDATE CASCADE  
);
success!
timestamp: 2024-04-28T08:06:25.478689
CREATE TABLE "contact_card"(
    "id" INTEGER PRIMARY KEY AUTOINCREMENT,
    "user_email" CHAR(512),
    "contact_name" CHAR(512),
    "contact_affiliation" CHAR(512),
    "contact_description" TEXT,
    "contact_image" TEXT
);
success!
timestamp: 2024-04-29T14:05:40.771989
ALTER TABLE "contact_card" ADD "name" CHAR(512);
timestamp: 2024-04-29T14:05:40.776504
ALTER TABLE "contact_card" ADD "affiliation" CHAR(512);
timestamp: 2024-04-29T14:05:40.780505
ALTER TABLE "contact_card" ADD "desc" TEXT;
timestamp: 2024-04-29T14:05:40.785015
ALTER TABLE "contact_card" ADD "image" TEXT;
success!
success!
success!
success!
success!
success!
success!
success!
success!
success!
success!
success!
success!
success!
success!
success!
success!
success!
success!
success!
success!
success!
success!
success!
success!
success!
success!
timestamp: 2024-05-02T16:23:38.519919
CREATE TABLE "py4web_session"(
    "id" INTEGER PRIMARY KEY AUTOINCREMENT,
    "rkey" CHAR(512),
    "rvalue" TEXT,
    "expiration" INTEGER,
    "created_on" TIMESTAMP,
    "expires_on" TIMESTAMP
);
success!
success!
success!
success!
